<?xml version="1.0" encoding="UTF-8"?>
<coverage generated="1609509057492" clover="3.2.0">
  <project timestamp="1609509057492" name="All files">
    <metrics statements="65" coveredstatements="63" conditionals="14" coveredconditionals="14" methods="29" coveredmethods="26" elements="108" coveredelements="103" complexity="0" loc="65" ncloc="65" packages="2" files="6" classes="6"/>
    <package name="src">
      <metrics statements="3" coveredstatements="2" conditionals="0" coveredconditionals="0" methods="1" coveredmethods="1"/>
      <file name="App.js" path="/Users/davidhammond/Documents/use-mapped-state/example/src/App.js">
        <metrics statements="2" coveredstatements="2" conditionals="0" coveredconditionals="0" methods="1" coveredmethods="1"/>
        <line num="4" count="1" type="stmt"/>
        <line num="5" count="20" type="stmt"/>
      </file>
      <file name="index.js" path="/Users/davidhammond/Documents/use-mapped-state/example/src/index.js">
        <metrics statements="1" coveredstatements="0" conditionals="0" coveredconditionals="0" methods="0" coveredmethods="0"/>
        <line num="6" count="0" type="stmt"/>
      </file>
    </package>
    <package name="src.Example">
      <metrics statements="62" coveredstatements="61" conditionals="14" coveredconditionals="14" methods="28" coveredmethods="25"/>
      <file name="Card.js" path="/Users/davidhammond/Documents/use-mapped-state/example/src/Example/Card.js">
        <metrics statements="18" coveredstatements="17" conditionals="4" coveredconditionals="4" methods="12" coveredmethods="9"/>
        <line num="19" count="1" type="stmt"/>
        <line num="25" count="1" type="stmt"/>
        <line num="34" count="80" type="stmt"/>
        <line num="38" count="80" type="stmt"/>
        <line num="39" count="80" type="stmt"/>
        <line num="41" count="80" type="stmt"/>
        <line num="42" count="1" type="stmt"/>
        <line num="43" count="1" type="stmt"/>
        <line num="46" count="80" type="stmt"/>
        <line num="47" count="6" type="stmt"/>
        <line num="50" count="80" type="stmt"/>
        <line num="51" count="1" type="stmt"/>
        <line num="52" count="1" type="stmt"/>
        <line num="55" count="80" type="stmt"/>
        <line num="61" count="1" type="stmt"/>
        <line num="66" count="6" type="stmt"/>
        <line num="77" count="1" type="stmt"/>
        <line num="80" count="0" type="stmt"/>
      </file>
      <file name="Example.js" path="/Users/davidhammond/Documents/use-mapped-state/example/src/Example/Example.js">
        <metrics statements="30" coveredstatements="30" conditionals="4" coveredconditionals="4" methods="13" coveredmethods="13"/>
        <line num="9" count="1" type="stmt"/>
        <line num="10" count="4" type="stmt"/>
        <line num="11" count="124" type="stmt"/>
        <line num="12" count="124" type="cond" truecount="2" falsecount="0"/>
        <line num="13" count="124" type="stmt"/>
        <line num="17" count="1" type="stmt"/>
        <line num="32" count="1" type="stmt"/>
        <line num="33" count="24" type="stmt"/>
        <line num="35" count="24" type="stmt"/>
        <line num="36" count="1" type="stmt"/>
        <line num="42" count="24" type="stmt"/>
        <line num="43" count="1" type="stmt"/>
        <line num="44" count="3" type="cond" truecount="2" falsecount="0"/>
        <line num="45" count="1" type="stmt"/>
        <line num="50" count="2" type="stmt"/>
        <line num="52" count="1" type="stmt"/>
        <line num="55" count="24" type="stmt"/>
        <line num="56" count="1" type="stmt"/>
        <line num="57" count="1" type="stmt"/>
        <line num="58" count="1" type="stmt"/>
        <line num="59" count="1" type="stmt"/>
        <line num="60" count="1" type="stmt"/>
        <line num="63" count="24" type="stmt"/>
        <line num="64" count="1" type="stmt"/>
        <line num="65" count="1" type="stmt"/>
        <line num="66" count="1" type="stmt"/>
        <line num="67" count="1" type="stmt"/>
        <line num="68" count="1" type="stmt"/>
        <line num="72" count="24" type="stmt"/>
        <line num="79" count="72" type="stmt"/>
      </file>
      <file name="styled-components.js" path="/Users/davidhammond/Documents/use-mapped-state/example/src/Example/styled-components.js">
        <metrics statements="3" coveredstatements="3" conditionals="0" coveredconditionals="0" methods="0" coveredmethods="0"/>
        <line num="4" count="1" type="stmt"/>
        <line num="11" count="1" type="stmt"/>
        <line num="21" count="1" type="stmt"/>
      </file>
      <file name="todoInput.js" path="/Users/davidhammond/Documents/use-mapped-state/example/src/Example/todoInput.js">
        <metrics statements="11" coveredstatements="11" conditionals="6" coveredconditionals="6" methods="3" coveredmethods="3"/>
        <line num="12" count="1" type="stmt"/>
        <line num="13" count="138" type="stmt"/>
        <line num="17" count="138" type="stmt"/>
        <line num="19" count="138" type="stmt"/>
        <line num="20" count="99" type="stmt"/>
        <line num="21" count="99" type="cond" truecount="2" falsecount="0"/>
        <line num="24" count="99" type="stmt"/>
        <line num="30" count="138" type="stmt"/>
        <line num="31" count="2" type="stmt"/>
        <line num="32" count="2" type="stmt"/>
        <line num="35" count="138" type="stmt"/>
      </file>
    </package>
  </project>
</coverage>
