{"/Users/davidhammond/Documents/use-mapped-state/example/src/App.js": {"path":"/Users/davidhammond/Documents/use-mapped-state/example/src/App.js","statementMap":{"0":{"start":{"line":4,"column":12},"end":{"line":6,"column":1}},"1":{"start":{"line":5,"column":2},"end":{"line":5,"column":21}}},"fnMap":{"0":{"name":"(anonymous_0)","decl":{"start":{"line":4,"column":12},"end":{"line":4,"column":13}},"loc":{"start":{"line":4,"column":18},"end":{"line":6,"column":1}},"line":4}},"branchMap":{},"s":{"0":1,"1":20},"f":{"0":20},"b":{},"_coverageSchema":"1a1c01bbd47fc00a2c39e90264f33305004495a9","hash":"ef2001ad1a9daa2983aaa538ea709b0fa4ef5b4e"}
,"/Users/davidhammond/Documents/use-mapped-state/example/src/index.js": {"path":"/Users/davidhammond/Documents/use-mapped-state/example/src/index.js","statementMap":{"0":{"start":{"line":6,"column":0},"end":{"line":6,"column":58}}},"fnMap":{},"branchMap":{},"s":{"0":0},"f":{},"b":{}}
,"/Users/davidhammond/Documents/use-mapped-state/example/src/Example/Card.js": {"path":"/Users/davidhammond/Documents/use-mapped-state/example/src/Example/Card.js","statementMap":{"0":{"start":{"line":19,"column":30},"end":{"line":23,"column":1}},"1":{"start":{"line":25,"column":24},"end":{"line":99,"column":1}},"2":{"start":{"line":34,"column":65},"end":{"line":36,"column":3}},"3":{"start":{"line":38,"column":25},"end":{"line":38,"column":78}},"4":{"start":{"line":38,"column":31},"end":{"line":38,"column":78}},"5":{"start":{"line":38,"column":69},"end":{"line":38,"column":77}},"6":{"start":{"line":39,"column":22},"end":{"line":39,"column":70}},"7":{"start":{"line":39,"column":28},"end":{"line":39,"column":70}},"8":{"start":{"line":39,"column":61},"end":{"line":39,"column":69}},"9":{"start":{"line":41,"column":27},"end":{"line":44,"column":3}},"10":{"start":{"line":42,"column":4},"end":{"line":42,"column":40}},"11":{"start":{"line":43,"column":4},"end":{"line":43,"column":21}},"12":{"start":{"line":46,"column":17},"end":{"line":48,"column":3}},"13":{"start":{"line":47,"column":4},"end":{"line":47,"column":73}},"14":{"start":{"line":50,"column":19},"end":{"line":53,"column":3}},"15":{"start":{"line":51,"column":4},"end":{"line":51,"column":24}},"16":{"start":{"line":52,"column":4},"end":{"line":52,"column":58}},"17":{"start":{"line":55,"column":2},"end":{"line":98,"column":4}},"18":{"start":{"line":61,"column":27},"end":{"line":61,"column":41}},"19":{"start":{"line":66,"column":27},"end":{"line":66,"column":44}},"20":{"start":{"line":77,"column":43},"end":{"line":77,"column":65}},"21":{"start":{"line":80,"column":43},"end":{"line":80,"column":66}}},"fnMap":{"0":{"name":"(anonymous_0)","decl":{"start":{"line":25,"column":24},"end":{"line":25,"column":25}},"loc":{"start":{"line":33,"column":6},"end":{"line":99,"column":1}},"line":33},"1":{"name":"(anonymous_1)","decl":{"start":{"line":38,"column":25},"end":{"line":38,"column":26}},"loc":{"start":{"line":38,"column":31},"end":{"line":38,"column":78}},"line":38},"2":{"name":"(anonymous_2)","decl":{"start":{"line":38,"column":58},"end":{"line":38,"column":59}},"loc":{"start":{"line":38,"column":69},"end":{"line":38,"column":77}},"line":38},"3":{"name":"(anonymous_3)","decl":{"start":{"line":39,"column":22},"end":{"line":39,"column":23}},"loc":{"start":{"line":39,"column":28},"end":{"line":39,"column":70}},"line":39},"4":{"name":"(anonymous_4)","decl":{"start":{"line":39,"column":50},"end":{"line":39,"column":51}},"loc":{"start":{"line":39,"column":61},"end":{"line":39,"column":69}},"line":39},"5":{"name":"(anonymous_5)","decl":{"start":{"line":41,"column":27},"end":{"line":41,"column":28}},"loc":{"start":{"line":41,"column":37},"end":{"line":44,"column":3}},"line":41},"6":{"name":"(anonymous_6)","decl":{"start":{"line":46,"column":17},"end":{"line":46,"column":18}},"loc":{"start":{"line":46,"column":32},"end":{"line":48,"column":3}},"line":46},"7":{"name":"(anonymous_7)","decl":{"start":{"line":50,"column":19},"end":{"line":50,"column":20}},"loc":{"start":{"line":50,"column":28},"end":{"line":53,"column":3}},"line":50},"8":{"name":"(anonymous_8)","decl":{"start":{"line":61,"column":21},"end":{"line":61,"column":22}},"loc":{"start":{"line":61,"column":27},"end":{"line":61,"column":41}},"line":61},"9":{"name":"(anonymous_9)","decl":{"start":{"line":66,"column":21},"end":{"line":66,"column":22}},"loc":{"start":{"line":66,"column":27},"end":{"line":66,"column":44}},"line":66},"10":{"name":"(anonymous_10)","decl":{"start":{"line":77,"column":37},"end":{"line":77,"column":38}},"loc":{"start":{"line":77,"column":43},"end":{"line":77,"column":65}},"line":77},"11":{"name":"(anonymous_11)","decl":{"start":{"line":80,"column":37},"end":{"line":80,"column":38}},"loc":{"start":{"line":80,"column":43},"end":{"line":80,"column":66}},"line":80}},"branchMap":{"0":{"loc":{"start":{"line":74,"column":15},"end":{"line":74,"column":57}},"type":"cond-expr","locations":[{"start":{"line":74,"column":29},"end":{"line":74,"column":40}},{"start":{"line":74,"column":43},"end":{"line":74,"column":57}}],"line":74},"1":{"loc":{"start":{"line":92,"column":19},"end":{"line":92,"column":51}},"type":"binary-expr","locations":[{"start":{"line":92,"column":19},"end":{"line":92,"column":30}},{"start":{"line":92,"column":34},"end":{"line":92,"column":51}}],"line":92}},"s":{"0":1,"1":1,"2":80,"3":80,"4":3,"5":3,"6":80,"7":0,"8":0,"9":80,"10":1,"11":1,"12":80,"13":6,"14":80,"15":1,"16":1,"17":80,"18":1,"19":6,"20":1,"21":0},"f":{"0":80,"1":3,"2":3,"3":0,"4":0,"5":1,"6":6,"7":1,"8":1,"9":6,"10":1,"11":0},"b":{"0":[25,55],"1":[80,6]},"_coverageSchema":"1a1c01bbd47fc00a2c39e90264f33305004495a9","hash":"65635f7c6eae818e0b58b5c47747f0fc8b5c6d41"}
,"/Users/davidhammond/Documents/use-mapped-state/example/src/Example/Example.js": {"path":"/Users/davidhammond/Documents/use-mapped-state/example/src/Example/Example.js","statementMap":{"0":{"start":{"line":9,"column":16},"end":{"line":15,"column":1}},"1":{"start":{"line":10,"column":2},"end":{"line":14,"column":5}},"2":{"start":{"line":11,"column":12},"end":{"line":11,"column":36}},"3":{"start":{"line":12,"column":10},"end":{"line":12,"column":40}},"4":{"start":{"line":13,"column":4},"end":{"line":13,"column":26}},"5":{"start":{"line":17,"column":22},"end":{"line":30,"column":1}},"6":{"start":{"line":32,"column":16},"end":{"line":93,"column":1}},"7":{"start":{"line":33,"column":32},"end":{"line":33,"column":61}},"8":{"start":{"line":35,"column":18},"end":{"line":40,"column":3}},"9":{"start":{"line":36,"column":4},"end":{"line":39,"column":6}},"10":{"start":{"line":42,"column":31},"end":{"line":53,"column":3}},"11":{"start":{"line":43,"column":21},"end":{"line":51,"column":6}},"12":{"start":{"line":44,"column":6},"end":{"line":49,"column":7}},"13":{"start":{"line":45,"column":8},"end":{"line":48,"column":10}},"14":{"start":{"line":50,"column":6},"end":{"line":50,"column":18}},"15":{"start":{"line":52,"column":4},"end":{"line":52,"column":32}},"16":{"start":{"line":55,"column":19},"end":{"line":62,"column":3}},"17":{"start":{"line":56,"column":4},"end":{"line":61,"column":7}},"18":{"start":{"line":57,"column":24},"end":{"line":57,"column":61}},"19":{"start":{"line":57,"column":49},"end":{"line":57,"column":60}},"20":{"start":{"line":58,"column":24},"end":{"line":58,"column":38}},"21":{"start":{"line":59,"column":6},"end":{"line":59,"column":73}},"22":{"start":{"line":60,"column":6},"end":{"line":60,"column":23}},"23":{"start":{"line":63,"column":21},"end":{"line":70,"column":3}},"24":{"start":{"line":64,"column":4},"end":{"line":69,"column":7}},"25":{"start":{"line":65,"column":26},"end":{"line":65,"column":63}},"26":{"start":{"line":65,"column":51},"end":{"line":65,"column":62}},"27":{"start":{"line":66,"column":24},"end":{"line":66,"column":38}},"28":{"start":{"line":67,"column":6},"end":{"line":67,"column":39}},"29":{"start":{"line":68,"column":6},"end":{"line":68,"column":23}},"30":{"start":{"line":72,"column":2},"end":{"line":92,"column":4}},"31":{"start":{"line":79,"column":10},"end":{"line":88,"column":12}}},"fnMap":{"0":{"name":"(anonymous_0)","decl":{"start":{"line":9,"column":16},"end":{"line":9,"column":17}},"loc":{"start":{"line":9,"column":22},"end":{"line":15,"column":1}},"line":9},"1":{"name":"(anonymous_1)","decl":{"start":{"line":10,"column":65},"end":{"line":10,"column":66}},"loc":{"start":{"line":10,"column":78},"end":{"line":14,"column":3}},"line":10},"2":{"name":"(anonymous_2)","decl":{"start":{"line":32,"column":16},"end":{"line":32,"column":17}},"loc":{"start":{"line":32,"column":22},"end":{"line":93,"column":1}},"line":32},"3":{"name":"(anonymous_3)","decl":{"start":{"line":35,"column":18},"end":{"line":35,"column":19}},"loc":{"start":{"line":35,"column":27},"end":{"line":40,"column":3}},"line":35},"4":{"name":"(anonymous_4)","decl":{"start":{"line":42,"column":31},"end":{"line":42,"column":32}},"loc":{"start":{"line":42,"column":50},"end":{"line":53,"column":3}},"line":42},"5":{"name":"(anonymous_5)","decl":{"start":{"line":43,"column":31},"end":{"line":43,"column":32}},"loc":{"start":{"line":43,"column":46},"end":{"line":51,"column":5}},"line":43},"6":{"name":"(anonymous_6)","decl":{"start":{"line":55,"column":19},"end":{"line":55,"column":20}},"loc":{"start":{"line":55,"column":34},"end":{"line":62,"column":3}},"line":55},"7":{"name":"(anonymous_7)","decl":{"start":{"line":56,"column":22},"end":{"line":56,"column":23}},"loc":{"start":{"line":56,"column":35},"end":{"line":61,"column":5}},"line":56},"8":{"name":"(anonymous_8)","decl":{"start":{"line":57,"column":44},"end":{"line":57,"column":45}},"loc":{"start":{"line":57,"column":49},"end":{"line":57,"column":60}},"line":57},"9":{"name":"(anonymous_9)","decl":{"start":{"line":63,"column":21},"end":{"line":63,"column":22}},"loc":{"start":{"line":63,"column":27},"end":{"line":70,"column":3}},"line":63},"10":{"name":"(anonymous_10)","decl":{"start":{"line":64,"column":22},"end":{"line":64,"column":23}},"loc":{"start":{"line":64,"column":35},"end":{"line":69,"column":5}},"line":64},"11":{"name":"(anonymous_11)","decl":{"start":{"line":65,"column":46},"end":{"line":65,"column":47}},"loc":{"start":{"line":65,"column":51},"end":{"line":65,"column":62}},"line":65},"12":{"name":"(anonymous_12)","decl":{"start":{"line":78,"column":19},"end":{"line":78,"column":20}},"loc":{"start":{"line":78,"column":34},"end":{"line":89,"column":9}},"line":78}},"branchMap":{"0":{"loc":{"start":{"line":12,"column":10},"end":{"line":12,"column":40}},"type":"cond-expr","locations":[{"start":{"line":12,"column":21},"end":{"line":12,"column":22}},{"start":{"line":12,"column":25},"end":{"line":12,"column":40}}],"line":12},"1":{"loc":{"start":{"line":44,"column":6},"end":{"line":49,"column":7}},"type":"if","locations":[{"start":{"line":44,"column":6},"end":{"line":49,"column":7}},{"start":{"line":44,"column":6},"end":{"line":49,"column":7}}],"line":44}},"s":{"0":1,"1":4,"2":124,"3":124,"4":124,"5":1,"6":1,"7":24,"8":24,"9":1,"10":24,"11":1,"12":3,"13":1,"14":2,"15":1,"16":24,"17":1,"18":1,"19":1,"20":1,"21":1,"22":1,"23":24,"24":1,"25":1,"26":1,"27":1,"28":1,"29":1,"30":24,"31":72},"f":{"0":4,"1":124,"2":24,"3":1,"4":1,"5":3,"6":1,"7":1,"8":1,"9":1,"10":1,"11":1,"12":72},"b":{"0":[120,4],"1":[1,2]},"_coverageSchema":"1a1c01bbd47fc00a2c39e90264f33305004495a9","hash":"3c95373a216bc167deac7007c9f4c68ea3406714"}
,"/Users/davidhammond/Documents/use-mapped-state/example/src/Example/styled-components.js": {"path":"/Users/davidhammond/Documents/use-mapped-state/example/src/Example/styled-components.js","statementMap":{"0":{"start":{"line":4,"column":29},"end":{"line":9,"column":1}},"1":{"start":{"line":11,"column":27},"end":{"line":19,"column":1}},"2":{"start":{"line":21,"column":29},"end":{"line":25,"column":1}}},"fnMap":{},"branchMap":{},"s":{"0":1,"1":1,"2":1},"f":{},"b":{},"_coverageSchema":"1a1c01bbd47fc00a2c39e90264f33305004495a9","hash":"408b25d28c5b1194341813e529604ed0b05fa07a"}
,"/Users/davidhammond/Documents/use-mapped-state/example/src/Example/todoInput.js": {"path":"/Users/davidhammond/Documents/use-mapped-state/example/src/Example/todoInput.js","statementMap":{"0":{"start":{"line":12,"column":25},"end":{"line":53,"column":1}},"1":{"start":{"line":13,"column":24},"end":{"line":16,"column":3}},"2":{"start":{"line":17,"column":50},"end":{"line":17,"column":79}},"3":{"start":{"line":19,"column":27},"end":{"line":28,"column":3}},"4":{"start":{"line":20,"column":39},"end":{"line":20,"column":49}},"5":{"start":{"line":21,"column":29},"end":{"line":23,"column":24}},"6":{"start":{"line":24,"column":4},"end":{"line":27,"column":6}},"7":{"start":{"line":30,"column":21},"end":{"line":33,"column":3}},"8":{"start":{"line":31,"column":4},"end":{"line":31,"column":26}},"9":{"start":{"line":32,"column":4},"end":{"line":32,"column":56}},"10":{"start":{"line":35,"column":2},"end":{"line":52,"column":4}}},"fnMap":{"0":{"name":"(anonymous_0)","decl":{"start":{"line":12,"column":25},"end":{"line":12,"column":26}},"loc":{"start":{"line":12,"column":61},"end":{"line":53,"column":1}},"line":12},"1":{"name":"(anonymous_1)","decl":{"start":{"line":19,"column":27},"end":{"line":19,"column":28}},"loc":{"start":{"line":19,"column":34},"end":{"line":28,"column":3}},"line":19},"2":{"name":"(anonymous_2)","decl":{"start":{"line":30,"column":21},"end":{"line":30,"column":22}},"loc":{"start":{"line":30,"column":27},"end":{"line":33,"column":3}},"line":30}},"branchMap":{"0":{"loc":{"start":{"line":15,"column":20},"end":{"line":15,"column":31}},"type":"binary-expr","locations":[{"start":{"line":15,"column":20},"end":{"line":15,"column":25}},{"start":{"line":15,"column":29},"end":{"line":15,"column":31}}],"line":15},"1":{"loc":{"start":{"line":21,"column":29},"end":{"line":23,"column":24}},"type":"cond-expr","locations":[{"start":{"line":22,"column":8},"end":{"line":22,"column":33}},{"start":{"line":23,"column":8},"end":{"line":23,"column":24}}],"line":21},"2":{"loc":{"start":{"line":49,"column":9},"end":{"line":49,"column":48}},"type":"cond-expr","locations":[{"start":{"line":49,"column":21},"end":{"line":49,"column":35}},{"start":{"line":49,"column":38},"end":{"line":49,"column":48}}],"line":49}},"s":{"0":1,"1":138,"2":138,"3":138,"4":99,"5":99,"6":99,"7":138,"8":2,"9":2,"10":138},"f":{"0":138,"1":99,"2":2},"b":{"0":[138,79],"1":[47,52],"2":[62,76]},"_coverageSchema":"1a1c01bbd47fc00a2c39e90264f33305004495a9","hash":"32deb249cad9d52faa8e3a610db26dda99952604"}
}
