TN:
SF:src/App.js
FN:4,(anonymous_0)
FNF:1
FNH:1
FNDA:20,(anonymous_0)
DA:4,1
DA:5,20
LF:2
LH:2
BRF:0
BRH:0
end_of_record
TN:
SF:src/index.js
FNF:0
FNH:0
DA:6,0
LF:1
LH:0
BRF:0
BRH:0
end_of_record
TN:
SF:src/Example/Card.js
FN:25,(anonymous_0)
FN:38,(anonymous_1)
FN:38,(anonymous_2)
FN:39,(anonymous_3)
FN:39,(anonymous_4)
FN:41,(anonymous_5)
FN:46,(anonymous_6)
FN:50,(anonymous_7)
FN:61,(anonymous_8)
FN:66,(anonymous_9)
FN:77,(anonymous_10)
FN:80,(anonymous_11)
FNF:12
FNH:9
FNDA:80,(anonymous_0)
FNDA:3,(anonymous_1)
FNDA:3,(anonymous_2)
FNDA:0,(anonymous_3)
FNDA:0,(anonymous_4)
FNDA:1,(anonymous_5)
FNDA:6,(anonymous_6)
FNDA:1,(anonymous_7)
FNDA:1,(anonymous_8)
FNDA:6,(anonymous_9)
FNDA:1,(anonymous_10)
FNDA:0,(anonymous_11)
DA:19,1
DA:25,1
DA:34,80
DA:38,80
DA:39,80
DA:41,80
DA:42,1
DA:43,1
DA:46,80
DA:47,6
DA:50,80
DA:51,1
DA:52,1
DA:55,80
DA:61,1
DA:66,6
DA:77,1
DA:80,0
LF:18
LH:17
BRDA:74,0,0,25
BRDA:74,0,1,55
BRDA:92,1,0,80
BRDA:92,1,1,6
BRF:4
BRH:4
end_of_record
TN:
SF:src/Example/Example.js
FN:9,(anonymous_0)
FN:10,(anonymous_1)
FN:32,(anonymous_2)
FN:35,(anonymous_3)
FN:42,(anonymous_4)
FN:43,(anonymous_5)
FN:55,(anonymous_6)
FN:56,(anonymous_7)
FN:57,(anonymous_8)
FN:63,(anonymous_9)
FN:64,(anonymous_10)
FN:65,(anonymous_11)
FN:78,(anonymous_12)
FNF:13
FNH:13
FNDA:4,(anonymous_0)
FNDA:124,(anonymous_1)
FNDA:24,(anonymous_2)
FNDA:1,(anonymous_3)
FNDA:1,(anonymous_4)
FNDA:3,(anonymous_5)
FNDA:1,(anonymous_6)
FNDA:1,(anonymous_7)
FNDA:1,(anonymous_8)
FNDA:1,(anonymous_9)
FNDA:1,(anonymous_10)
FNDA:1,(anonymous_11)
FNDA:72,(anonymous_12)
DA:9,1
DA:10,4
DA:11,124
DA:12,124
DA:13,124
DA:17,1
DA:32,1
DA:33,24
DA:35,24
DA:36,1
DA:42,24
DA:43,1
DA:44,3
DA:45,1
DA:50,2
DA:52,1
DA:55,24
DA:56,1
DA:57,1
DA:58,1
DA:59,1
DA:60,1
DA:63,24
DA:64,1
DA:65,1
DA:66,1
DA:67,1
DA:68,1
DA:72,24
DA:79,72
LF:30
LH:30
BRDA:12,0,0,120
BRDA:12,0,1,4
BRDA:44,1,0,1
BRDA:44,1,1,2
BRF:4
BRH:4
end_of_record
TN:
SF:src/Example/styled-components.js
FNF:0
FNH:0
DA:4,1
DA:11,1
DA:21,1
LF:3
LH:3
BRF:0
BRH:0
end_of_record
TN:
SF:src/Example/todoInput.js
FN:12,(anonymous_0)
FN:19,(anonymous_1)
FN:30,(anonymous_2)
FNF:3
FNH:3
FNDA:138,(anonymous_0)
FNDA:99,(anonymous_1)
FNDA:2,(anonymous_2)
DA:12,1
DA:13,138
DA:17,138
DA:19,138
DA:20,99
DA:21,99
DA:24,99
DA:30,138
DA:31,2
DA:32,2
DA:35,138
LF:11
LH:11
BRDA:15,0,0,138
BRDA:15,0,1,79
BRDA:21,1,0,47
BRDA:21,1,1,52
BRDA:49,2,0,62
BRDA:49,2,1,76
BRF:6
BRH:6
end_of_record
